<?xml version="1.0" encoding="UTF-8"?>
<!-- Generated by org.testng.reporters.JUnitReportReporter -->
<testsuite skipped="0" hostname="HP" name="testCases.MobCompTest" tests="1" failures="0" timestamp="2021-02-04T20:27:48 IST" time="22.634" errors="0">
  <testcase name="verifyMobileCompare" time="22.634" classname="testCases.MobCompTest"/>
  <system-out/>
</testsuite> <!-- testCases.MobCompTest -->
