<?xml version="1.0" encoding="UTF-8"?>
<!-- Generated by org.testng.reporters.JUnitReportReporter -->
<testsuite skipped="0" hostname="HP" name="testCases.MobileListTest" tests="1" failures="0" timestamp="2021-02-04T20:27:48 IST" time="16.837" errors="0">
  <testcase name="verifyMobilePage" time="16.837" classname="testCases.MobileListTest"/>
  <system-out/>
</testsuite> <!-- testCases.MobileListTest -->
