<?xml version="1.0" encoding="UTF-8"?>
<!-- Generated by org.testng.reporters.JUnitReportReporter -->
<testsuite skipped="0" hostname="HP" name="testCases.MobProdCartTest" tests="1" failures="0" timestamp="2021-02-04T20:27:48 IST" time="21.286" errors="0">
  <testcase name="verifyMobileCart" time="21.286" classname="testCases.MobProdCartTest"/>
  <system-out/>
</testsuite> <!-- testCases.MobProdCartTest -->
