<?xml version="1.0" encoding="UTF-8"?>
<!-- Generated by org.testng.reporters.JUnitReportReporter -->
<testsuite skipped="0" hostname="HP" name="testCases.PlaceOrderTest" tests="1" failures="0" timestamp="2021-02-04T20:27:48 IST" time="37.694" errors="0">
  <testcase name="verifyOrderPlaced" time="37.694" classname="testCases.PlaceOrderTest"/>
  <system-out/>
</testsuite> <!-- testCases.PlaceOrderTest -->
