<?xml version="1.0" encoding="UTF-8"?>
<!-- Generated by org.testng.reporters.JUnitReportReporter -->
<testsuite skipped="0" hostname="HP" name="testCases.MobCompTest" tests="1" failures="0" timestamp="2021-02-04T23:39:09 IST" time="53.901" errors="0">
  <testcase name="verifyMobileCompare" time="53.901" classname="testCases.MobCompTest"/>
  <system-out/>
</testsuite> <!-- testCases.MobCompTest -->
