<?xml version="1.0" encoding="UTF-8"?>
<!-- Generated by org.testng.reporters.JUnitReportReporter -->
<testsuite skipped="0" hostname="HP" name="testCases.MobPriceCompTest" tests="1" failures="0" timestamp="2021-02-04T23:39:09 IST" time="26.240" errors="0">
  <testcase name="verifyMobilePrice" time="26.240" classname="testCases.MobPriceCompTest"/>
  <system-out/>
</testsuite> <!-- testCases.MobPriceCompTest -->
