<?xml version="1.0" encoding="UTF-8"?>
<!-- Generated by org.testng.reporters.JUnitReportReporter -->
<testsuite skipped="0" hostname="HP" name="testCases.PlaceReOrderTest" tests="1" failures="0" timestamp="2021-02-04T23:39:09 IST" time="54.049" errors="0">
  <testcase name="verifyReOrderPlaced" time="54.049" classname="testCases.PlaceReOrderTest"/>
  <system-out/>
</testsuite> <!-- testCases.PlaceReOrderTest -->
