<?xml version="1.0" encoding="UTF-8"?>
<!-- Generated by org.testng.reporters.JUnitReportReporter -->
<testsuite skipped="0" hostname="HP" name="testCases.AcctCreationTest" tests="1" failures="0" timestamp="2021-02-04T23:39:09 IST" time="46.007" errors="0">
  <testcase name="verifyAcctCreation" time="46.007" classname="testCases.AcctCreationTest"/>
  <system-out/>
</testsuite> <!-- testCases.AcctCreationTest -->
