<?xml version="1.0" encoding="UTF-8"?>
<!-- Generated by org.testng.reporters.JUnitReportReporter -->
<testsuite skipped="0" hostname="HP" name="testCases.PrintOrderTest" tests="1" failures="0" timestamp="2021-02-04T23:39:09 IST" time="142.227" errors="0">
  <testcase name="verifyPrintOrder" time="142.227" classname="testCases.PrintOrderTest"/>
  <system-out/>
</testsuite> <!-- testCases.PrintOrderTest -->
