<?xml version="1.0" encoding="UTF-8"?>
<!-- Generated by org.testng.reporters.JUnitReportReporter -->
<testsuite skipped="0" hostname="HP" name="testCases.CouponCodeTest" tests="1" failures="0" timestamp="2021-02-04T23:39:09 IST" time="23.183" errors="0">
  <testcase name="verifyCouponCode" time="23.183" classname="testCases.CouponCodeTest"/>
  <system-out/>
</testsuite> <!-- testCases.CouponCodeTest -->
